<?xml version="1.0" encoding="UTF-8"?>
<testng-results ignored="0" total="1" passed="1" failed="0" skipped="0">
  <reporter-output>
    <line>
      <![CDATA[fail]]>
    </line>
  </reporter-output>
  <suite started-at="2022-02-17T15:40:24 IST" name="Default suite" finished-at="2022-02-17T15:40:46 IST" duration-ms="21865">
    <groups>
    </groups>
    <test started-at="2022-02-17T15:40:24 IST" name="Default test" finished-at="2022-02-17T15:40:46 IST" duration-ms="21865">
      <class name="TestNG_Practise.Test_Google">
        <test-method signature="test_google()[pri:0, instance:TestNG_Practise.Test_Google@c88a337]" started-at="2022-02-17T15:40:24 IST" name="test_google" finished-at="2022-02-17T15:40:46 IST" duration-ms="21702" status="PASS">
          <reporter-output>
            <line>
              <![CDATA[fail]]>
            </line>
          </reporter-output>
        </test-method> <!-- test_google -->
      </class> <!-- TestNG_Practise.Test_Google -->
    </test> <!-- Default test -->
  </suite> <!-- Default suite -->
</testng-results>
